This is pdfTeX, Version 3.141592653-2.6-1.40.27 (MiKTeX 25.4) (preloaded format=pdflatex 2025.7.14)  26 JAN 2026 23:44
entering extended mode
 restricted \write18 enabled.
 file:line:error style messages enabled.
 %&-line parsing enabled.
**"c:/Users/artur.ARTUR-LAPTOP/OneDrive - Tecnol贸gico Nacional de M茅xico - Centro Nacional de Investigaci贸n y Desarrollo Tecnol贸gico/Documentos/Doctorado/5掳 Semestre/Paper_Comp_DL_Cancer/main.tex"
(c:/Users/artur.ARTUR-LAPTOP/OneDrive - Tecnol贸gico Nacional de M茅xico - Centro Nacional de Investigaci贸n y Desarrollo Tecnol贸gico/Documentos/Doctorado/5掳 Semestre/Paper_Comp_DL_Cancer/main.tex
LaTeX2e <2025-06-01> patch level 1
L3 programming layer <2025-07-11>
(C:\Users\artur.ARTUR-LAPTOP\AppData\Local\Programs\MiKTeX\tex/latex/elsarticle\elsarticle.cls
Document Class: elsarticle 2025/01/11, 3.4c: Elsevier Ltd
(C:\Users\artur.ARTUR-LAPTOP\AppData\Local\Programs\MiKTeX\tex/latex/base\fontenc.sty
Package: fontenc 2024/12/21 v2.1c Standard LaTeX package
) (C:\Users\artur.ARTUR-LAPTOP\AppData\Local\Programs\MiKTeX\tex/latex/l3kernel\expl3.sty
Package: expl3 2025-07-11 L3 programming layer (loader) 
 (C:\Users\artur.ARTUR-LAPTOP\AppData\Local\Programs\MiKTeX\tex/latex/l3backend\l3backend-pdftex.def
File: l3backend-pdftex.def 2025-06-09 L3 backend support: PDF output (pdfTeX)
\l__color_backend_stack_int=\count275
)) (C:\Users\artur.ARTUR-LAPTOP\AppData\Local\Programs\MiKTeX\tex/latex/l3packages/xparse\xparse.sty
Package: xparse 2024-08-16 L3 Experimental document command parser
) (C:\Users\artur.ARTUR-LAPTOP\AppData\Local\Programs\MiKTeX\tex/latex/etoolbox\etoolbox.sty
Package: etoolbox 2025/02/11 v2.5l e-TeX tools for LaTeX (JAW)
\etb@tempcnta=\count276
)
\@bls=\dimen148
 (C:\Users\artur.ARTUR-LAPTOP\AppData\Local\Programs\MiKTeX\tex/latex/base\article.cls
Document Class: article 2025/01/22 v1.4n Standard LaTeX document class
(C:\Users\artur.ARTUR-LAPTOP\AppData\Local\Programs\MiKTeX\tex/latex/base\size10.clo
File: size10.clo 2025/01/22 v1.4n Standard LaTeX file (size option)
)
\c@part=\count277
\c@section=\count278
\c@subsection=\count279
\c@subsubsection=\count280
\c@paragraph=\count281
\c@subparagraph=\count282
\c@figure=\count283
\c@table=\count284
\abovecaptionskip=\skip49
\belowcaptionskip=\skip50
\bibindent=\dimen149
) (C:\Users\artur.ARTUR-LAPTOP\AppData\Local\Programs\MiKTeX\tex/latex/graphics\graphicx.sty
Package: graphicx 2024/12/31 v1.2e Enhanced LaTeX Graphics (DPC,SPQR)
 (C:\Users\artur.ARTUR-LAPTOP\AppData\Local\Programs\MiKTeX\tex/latex/graphics\keyval.sty
Package: keyval 2022/05/29 v1.15 key=value parser (DPC)
\KV@toks@=\toks17
) (C:\Users\artur.ARTUR-LAPTOP\AppData\Local\Programs\MiKTeX\tex/latex/graphics\graphics.sty
Package: graphics 2024/08/06 v1.4g Standard LaTeX Graphics (DPC,SPQR)
 (C:\Users\artur.ARTUR-LAPTOP\AppData\Local\Programs\MiKTeX\tex/latex/graphics\trig.sty
Package: trig 2023/12/02 v1.11 sin cos tan (DPC)
) (C:\Users\artur.ARTUR-LAPTOP\AppData\Local\Programs\MiKTeX\tex/latex/graphics-cfg\graphics.cfg
File: graphics.cfg 2016/06/04 v1.11 sample graphics configuration
)
Package graphics Info: Driver file: pdftex.def on input line 106.
 (C:\Users\artur.ARTUR-LAPTOP\AppData\Local\Programs\MiKTeX\tex/latex/graphics-def\pdftex.def
File: pdftex.def 2024/04/13 v1.2c Graphics/color driver for pdftex
))
\Gin@req@height=\dimen150
\Gin@req@width=\dimen151
)
\c@tnote=\count285
\c@fnote=\count286
\c@cnote=\count287
\c@ead=\count288
\c@elsarticle@author=\count289
\@eadauthor=\toks18
\c@affn=\count290
\absbox=\box53
\elsarticlehighlightsbox=\box54
\elsarticlegrabsbox=\box55
\keybox=\box56
\Columnwidth=\dimen152
\space@left=\dimen153
\els@boxa=\box57
\els@boxb=\box58
\leftMargin=\dimen154
\@enLab=\toks19
\@sep=\skip51
\@@sep=\skip52
 (c:\Users\artur.ARTUR-LAPTOP\OneDrive - Tecnol贸gico Nacional de M茅xico - Centro Nacional de Investigaci贸n y Desarrollo Tecnol贸gico\Documentos\Doctorado\5掳 Semestre\Paper_Comp_DL_Cancer\build\main.spl) (C:\Users\artur.ARTUR-LAPTOP\AppData\Local\Programs\MiKTeX\tex/latex/natbib\natbib.sty
Package: natbib 2010/09/13 8.31b (PWD, AO)
\bibhang=\skip53
\bibsep=\skip54
LaTeX Info: Redefining \cite on input line 694.
\c@NAT@ctr=\count291
)
\splwrite=\write3
\openout3 = `main.spl'.

\appnamewidth=\dimen155
) (C:\Users\artur.ARTUR-LAPTOP\AppData\Local\Programs\MiKTeX\tex/latex/psnfss\mathpazo.sty
Package: mathpazo 2020/03/25 PSNFSS-v9.3 Palatino w/ Pazo Math (D.Puga, WaS) 
\symupright=\mathgroup4
) (C:\Users\artur.ARTUR-LAPTOP\AppData\Local\Programs\MiKTeX\tex/latex/parskip\parskip.sty
Package: parskip 2021-03-14 v2.0h non-zero parskip adjustments
 (C:\Users\artur.ARTUR-LAPTOP\AppData\Local\Programs\MiKTeX\tex/latex/kvoptions\kvoptions.sty
Package: kvoptions 2022-06-15 v3.15 Key value format for package options (HO)
 (C:\Users\artur.ARTUR-LAPTOP\AppData\Local\Programs\MiKTeX\tex/generic/ltxcmds\ltxcmds.sty
Package: ltxcmds 2023-12-04 v1.26 LaTeX kernel commands for general use (HO)
) (C:\Users\artur.ARTUR-LAPTOP\AppData\Local\Programs\MiKTeX\tex/latex/kvsetkeys\kvsetkeys.sty
Package: kvsetkeys 2022-10-05 v1.19 Key value parser (HO)
))) (C:\Users\artur.ARTUR-LAPTOP\AppData\Local\Programs\MiKTeX\tex/latex/amsfonts\amssymb.sty
Package: amssymb 2013/01/14 v3.01 AMS font symbols
 (C:\Users\artur.ARTUR-LAPTOP\AppData\Local\Programs\MiKTeX\tex/latex/amsfonts\amsfonts.sty
Package: amsfonts 2013/01/14 v3.01 Basic AMSFonts support
\@emptytoks=\toks20
\symAMSa=\mathgroup5
\symAMSb=\mathgroup6
LaTeX Font Info:    Redeclaring math symbol \hbar on input line 98.
LaTeX Font Info:    Overwriting math alphabet `\mathfrak' in version `bold'
(Font)                  U/euf/m/n --> U/euf/b/n on input line 106.
)) (C:\Users\artur.ARTUR-LAPTOP\AppData\Local\Programs\MiKTeX\tex/latex/hyperref\hyperref.sty
Package: hyperref 2025-07-12 v7.01o Hypertext links for LaTeX
 (C:\Users\artur.ARTUR-LAPTOP\AppData\Local\Programs\MiKTeX\tex/generic/iftex\iftex.sty
Package: iftex 2024/12/12 v1.0g TeX engine tests
) (C:\Users\artur.ARTUR-LAPTOP\AppData\Local\Programs\MiKTeX\tex/generic/kvdefinekeys\kvdefinekeys.sty
Package: kvdefinekeys 2019-12-19 v1.6 Define keys (HO)
) (C:\Users\artur.ARTUR-LAPTOP\AppData\Local\Programs\MiKTeX\tex/generic/pdfescape\pdfescape.sty
Package: pdfescape 2019/12/09 v1.15 Implements pdfTeX's escape features (HO)
 (C:\Users\artur.ARTUR-LAPTOP\AppData\Local\Programs\MiKTeX\tex/generic/pdftexcmds\pdftexcmds.sty
Package: pdftexcmds 2020-06-27 v0.33 Utility functions of pdfTeX for LuaTeX (HO)
 (C:\Users\artur.ARTUR-LAPTOP\AppData\Local\Programs\MiKTeX\tex/generic/infwarerr\infwarerr.sty
Package: infwarerr 2019/12/03 v1.5 Providing info/warning/error messages (HO)
)
Package pdftexcmds Info: \pdf@primitive is available.
Package pdftexcmds Info: \pdf@ifprimitive is available.
Package pdftexcmds Info: \pdfdraftmode found.
)) (C:\Users\artur.ARTUR-LAPTOP\AppData\Local\Programs\MiKTeX\tex/latex/hycolor\hycolor.sty
Package: hycolor 2020-01-27 v1.10 Color options for hyperref/bookmark (HO)
) (C:\Users\artur.ARTUR-LAPTOP\AppData\Local\Programs\MiKTeX\tex/latex/hyperref\nameref.sty
Package: nameref 2025-06-21 v2.57 Cross-referencing by name of section
 (C:\Users\artur.ARTUR-LAPTOP\AppData\Local\Programs\MiKTeX\tex/latex/refcount\refcount.sty
Package: refcount 2019/12/15 v3.6 Data extraction from label references (HO)
) (C:\Users\artur.ARTUR-LAPTOP\AppData\Local\Programs\MiKTeX\tex/generic/gettitlestring\gettitlestring.sty
Package: gettitlestring 2019/12/15 v1.6 Cleanup title references (HO)
)
\c@section@level=\count292
) (C:\Users\artur.ARTUR-LAPTOP\AppData\Local\Programs\MiKTeX\tex/generic/stringenc\stringenc.sty
Package: stringenc 2019/11/29 v1.12 Convert strings between diff. encodings (HO)
)
\@linkdim=\dimen156
\Hy@linkcounter=\count293
\Hy@pagecounter=\count294
 (C:\Users\artur.ARTUR-LAPTOP\AppData\Local\Programs\MiKTeX\tex/latex/hyperref\pd1enc.def
File: pd1enc.def 2025-07-12 v7.01o Hyperref: PDFDocEncoding definition (HO)
Now handling font encoding PD1 ...
... no UTF-8 mapping file for font encoding PD1
) (C:\Users\artur.ARTUR-LAPTOP\AppData\Local\Programs\MiKTeX\tex/generic/intcalc\intcalc.sty
Package: intcalc 2019/12/15 v1.3 Expandable calculations with integers (HO)
)
\Hy@SavedSpaceFactor=\count295
 (C:\Users\artur.ARTUR-LAPTOP\AppData\Local\Programs\MiKTeX\tex/latex/hyperref\puenc.def
File: puenc.def 2025-07-12 v7.01o Hyperref: PDF Unicode definition (HO)
Now handling font encoding PU ...
... no UTF-8 mapping file for font encoding PU
)
Package hyperref Info: Hyper figures OFF on input line 4195.
Package hyperref Info: Link nesting OFF on input line 4200.
Package hyperref Info: Hyper index ON on input line 4203.
Package hyperref Info: Plain pages OFF on input line 4210.
Package hyperref Info: Backreferencing OFF on input line 4215.
Package hyperref Info: Implicit mode ON; LaTeX internals redefined.
Package hyperref Info: Bookmarks ON on input line 4462.
\c@Hy@tempcnt=\count296
 (C:\Users\artur.ARTUR-LAPTOP\AppData\Local\Programs\MiKTeX\tex/latex/url\url.sty
\Urlmuskip=\muskip17
Package: url 2013/09/16  ver 3.4  Verb mode for urls, etc.
)
LaTeX Info: Redefining \url on input line 4801.
\XeTeXLinkMargin=\dimen157
 (C:\Users\artur.ARTUR-LAPTOP\AppData\Local\Programs\MiKTeX\tex/generic/bitset\bitset.sty
Package: bitset 2019/12/09 v1.3 Handle bit-vector datatype (HO)
 (C:\Users\artur.ARTUR-LAPTOP\AppData\Local\Programs\MiKTeX\tex/generic/bigintcalc\bigintcalc.sty
Package: bigintcalc 2019/12/15 v1.5 Expandable calculations on big integers (HO)
))
\Fld@menulength=\count297
\Field@Width=\dimen158
\Fld@charsize=\dimen159
Package hyperref Info: Hyper figures OFF on input line 6078.
Package hyperref Info: Link nesting OFF on input line 6083.
Package hyperref Info: Hyper index ON on input line 6086.
Package hyperref Info: backreferencing OFF on input line 6093.
Package hyperref Info: Link coloring OFF on input line 6098.
Package hyperref Info: Link coloring with OCG OFF on input line 6103.
Package hyperref Info: PDF/A mode OFF on input line 6108.
\Hy@abspage=\count298
\c@Item=\count299
\c@Hfootnote=\count300
)
Package hyperref Info: Driver (autodetected): hpdftex.
 (C:\Users\artur.ARTUR-LAPTOP\AppData\Local\Programs\MiKTeX\tex/latex/hyperref\hpdftex.def
File: hpdftex.def 2025-07-12 v7.01o Hyperref driver for pdfTeX
\Fld@listcount=\count301
\c@bookmark@seq@number=\count302
 (C:\Users\artur.ARTUR-LAPTOP\AppData\Local\Programs\MiKTeX\tex/latex/rerunfilecheck\rerunfilecheck.sty
Package: rerunfilecheck 2025-06-21 v1.11 Rerun checks for auxiliary files (HO)
 (C:\Users\artur.ARTUR-LAPTOP\AppData\Local\Programs\MiKTeX\tex/generic/uniquecounter\uniquecounter.sty
Package: uniquecounter 2019/12/15 v1.4 Provide unlimited unique counter (HO)
)
Package uniquecounter Info: New unique counter `rerunfilecheck' on input line 284.
)
\Hy@SectionHShift=\skip55
) (C:\Users\artur.ARTUR-LAPTOP\AppData\Local\Programs\MiKTeX\tex/latex/amsmath\amsmath.sty
Package: amsmath 2025/06/16 v2.17y AMS math features
\@mathmargin=\skip56

For additional information on amsmath, use the `?' option.
(C:\Users\artur.ARTUR-LAPTOP\AppData\Local\Programs\MiKTeX\tex/latex/amsmath\amstext.sty
Package: amstext 2024/11/17 v2.01 AMS text
 (C:\Users\artur.ARTUR-LAPTOP\AppData\Local\Programs\MiKTeX\tex/latex/amsmath\amsgen.sty
File: amsgen.sty 1999/11/30 v2.0 generic functions
\@emptytoks=\toks21
\ex@=\dimen160
)) (C:\Users\artur.ARTUR-LAPTOP\AppData\Local\Programs\MiKTeX\tex/latex/amsmath\amsbsy.sty
Package: amsbsy 1999/11/29 v1.2d Bold Symbols
\pmbraise@=\dimen161
) (C:\Users\artur.ARTUR-LAPTOP\AppData\Local\Programs\MiKTeX\tex/latex/amsmath\amsopn.sty
Package: amsopn 2022/04/08 v2.04 operator names
)
\inf@bad=\count303
LaTeX Info: Redefining \frac on input line 233.
\uproot@=\count304
\leftroot@=\count305
LaTeX Info: Redefining \overline on input line 398.
LaTeX Info: Redefining \colon on input line 409.
\classnum@=\count306
\DOTSCASE@=\count307
LaTeX Info: Redefining \ldots on input line 495.
LaTeX Info: Redefining \dots on input line 498.
LaTeX Info: Redefining \cdots on input line 619.
\Mathstrutbox@=\box59
\strutbox@=\box60
LaTeX Info: Redefining \big on input line 721.
LaTeX Info: Redefining \Big on input line 722.
LaTeX Info: Redefining \bigg on input line 723.
LaTeX Info: Redefining \Bigg on input line 724.
\big@size=\dimen162
LaTeX Font Info:    Redeclaring font encoding OML on input line 742.
LaTeX Font Info:    Redeclaring font encoding OMS on input line 743.
\macc@depth=\count308
LaTeX Info: Redefining \bmod on input line 904.
LaTeX Info: Redefining \pmod on input line 909.
LaTeX Info: Redefining \smash on input line 939.
LaTeX Info: Redefining \relbar on input line 969.
LaTeX Info: Redefining \Relbar on input line 970.
\c@MaxMatrixCols=\count309
\dotsspace@=\muskip18
\c@parentequation=\count310
\dspbrk@lvl=\count311
\tag@help=\toks22
\row@=\count312
\column@=\count313
\maxfields@=\count314
\andhelp@=\toks23
\eqnshift@=\dimen163
\alignsep@=\dimen164
\tagshift@=\dimen165
\tagwidth@=\dimen166
\totwidth@=\dimen167
\lineht@=\dimen168
\@envbody=\toks24
\multlinegap=\skip57
\multlinetaggap=\skip58
\mathdisplay@stack=\toks25
LaTeX Info: Redefining \[ on input line 2949.
LaTeX Info: Redefining \] on input line 2950.
)
LaTeX Font Info:    Trying to load font information for T1+ppl on input line 62.
 (C:\Users\artur.ARTUR-LAPTOP\AppData\Local\Programs\MiKTeX\tex/latex/psnfss\t1ppl.fd
File: t1ppl.fd 2001/06/04 font definitions for T1/ppl.
) (c:\Users\artur.ARTUR-LAPTOP\OneDrive - Tecnol贸gico Nacional de M茅xico - Centro Nacional de Investigaci贸n y Desarrollo Tecnol贸gico\Documentos\Doctorado\5掳 Semestre\Paper_Comp_DL_Cancer\build\main.aux)
\openout1 = `main.aux'.

LaTeX Font Info:    Checking defaults for OML/cmm/m/it on input line 62.
LaTeX Font Info:    ... okay on input line 62.
LaTeX Font Info:    Checking defaults for OMS/cmsy/m/n on input line 62.
LaTeX Font Info:    ... okay on input line 62.
LaTeX Font Info:    Checking defaults for OT1/cmr/m/n on input line 62.
LaTeX Font Info:    ... okay on input line 62.
LaTeX Font Info:    Checking defaults for T1/cmr/m/n on input line 62.
LaTeX Font Info:    ... okay on input line 62.
LaTeX Font Info:    Checking defaults for TS1/cmr/m/n on input line 62.
LaTeX Font Info:    ... okay on input line 62.
LaTeX Font Info:    Checking defaults for OMX/cmex/m/n on input line 62.
LaTeX Font Info:    ... okay on input line 62.
LaTeX Font Info:    Checking defaults for U/cmr/m/n on input line 62.
LaTeX Font Info:    ... okay on input line 62.
LaTeX Font Info:    Checking defaults for PD1/pdf/m/n on input line 62.
LaTeX Font Info:    ... okay on input line 62.
LaTeX Font Info:    Checking defaults for PU/pdf/m/n on input line 62.
LaTeX Font Info:    ... okay on input line 62.
 (C:\Users\artur.ARTUR-LAPTOP\AppData\Local\Programs\MiKTeX\tex/context/base/mkii\supp-pdf.mkii
[Loading MPS to PDF converter (version 2006.09.02).]
\scratchcounter=\count315
\scratchdimen=\dimen169
\scratchbox=\box61
\nofMPsegments=\count316
\nofMParguments=\count317
\everyMPshowfont=\toks26
\MPscratchCnt=\count318
\MPscratchDim=\dimen170
\MPnumerator=\count319
\makeMPintoPDFobject=\count320
\everyMPtoPDFconversion=\toks27
) (C:\Users\artur.ARTUR-LAPTOP\AppData\Local\Programs\MiKTeX\tex/latex/epstopdf-pkg\epstopdf-base.sty
Package: epstopdf-base 2020-01-24 v2.11 Base part for package epstopdf
 (C:\Users\artur.ARTUR-LAPTOP\AppData\Local\Programs\MiKTeX\tex/latex/grfext\grfext.sty
Package: grfext 2019/12/03 v1.3 Manage graphics extensions (HO)
)
Package epstopdf-base Info: Redefining graphics rule for `.eps' on input line 485.
Package grfext Info: Graphics extension search list:
(grfext)             [.pdf,.png,.jpg,.mps,.jpeg,.jbig2,.jb2,.PDF,.PNG,.JPG,.JPEG,.JBIG2,.JB2,.eps]
(grfext)             \AppendGraphicsExtensions on input line 504.
 (C:\Users\artur.ARTUR-LAPTOP\AppData\Local\Programs\MiKTeX\tex/latex/00miktex\epstopdf-sys.cfg
File: epstopdf-sys.cfg 2021/03/18 v2.0 Configuration of epstopdf for MiKTeX
))
Package hyperref Info: Link coloring OFF on input line 62.
 (c:\Users\artur.ARTUR-LAPTOP\OneDrive - Tecnol贸gico Nacional de M茅xico - Centro Nacional de Investigaci贸n y Desarrollo Tecnol贸gico\Documentos\Doctorado\5掳 Semestre\Paper_Comp_DL_Cancer\build\main.out) (c:\Users\artur.ARTUR-LAPTOP\OneDrive - Tecnol贸gico Nacional de M茅xico - Centro Nacional de Investigaci贸n y Desarrollo Tecnol贸gico\Documentos\Doctorado\5掳 Semestre\Paper_Comp_DL_Cancer\build\main.out)
\@outlinefile=\write4
\openout4 = `main.out'.

LaTeX Font Info:    Trying to load font information for OT1+ppl on input line 160.
 (C:\Users\artur.ARTUR-LAPTOP\AppData\Local\Programs\MiKTeX\tex/latex/psnfss\ot1ppl.fd
File: ot1ppl.fd 2001/06/04 font definitions for OT1/ppl.
)
LaTeX Font Info:    Trying to load font information for OML+zplm on input line 160.
 (C:\Users\artur.ARTUR-LAPTOP\AppData\Local\Programs\MiKTeX\tex/latex/psnfss\omlzplm.fd
File: omlzplm.fd 2002/09/08 Fontinst v1.914 font definitions for OML/zplm.
)
LaTeX Font Info:    Trying to load font information for OMS+zplm on input line 160.
 (C:\Users\artur.ARTUR-LAPTOP\AppData\Local\Programs\MiKTeX\tex/latex/psnfss\omszplm.fd
File: omszplm.fd 2002/09/08 Fontinst v1.914 font definitions for OMS/zplm.
)
LaTeX Font Info:    Trying to load font information for OMX+zplm on input line 160.
 (C:\Users\artur.ARTUR-LAPTOP\AppData\Local\Programs\MiKTeX\tex/latex/psnfss\omxzplm.fd
File: omxzplm.fd 2002/09/08 Fontinst v1.914 font definitions for OMX/zplm.
)
LaTeX Font Info:    Trying to load font information for OT1+zplm on input line 160.
 (C:\Users\artur.ARTUR-LAPTOP\AppData\Local\Programs\MiKTeX\tex/latex/psnfss\ot1zplm.fd
File: ot1zplm.fd 2002/09/08 Fontinst v1.914 font definitions for OT1/zplm.
)
LaTeX Font Info:    Font shape `U/msa/m/n' will be
(Font)              scaled to size 10.42007pt on input line 160.
LaTeX Font Info:    Font shape `U/msa/m/n' will be
(Font)              scaled to size 7.91925pt on input line 160.
LaTeX Font Info:    Font shape `U/msa/m/n' will be
(Font)              scaled to size 6.25204pt on input line 160.
LaTeX Font Info:    Font shape `U/msb/m/n' will be
(Font)              scaled to size 10.42007pt on input line 160.
LaTeX Font Info:    Font shape `U/msb/m/n' will be
(Font)              scaled to size 7.91925pt on input line 160.
LaTeX Font Info:    Font shape `U/msb/m/n' will be
(Font)              scaled to size 6.25204pt on input line 160.
LaTeX Font Info:    Font shape `U/msa/m/n' will be
(Font)              scaled to size 8.33606pt on input line 160.
LaTeX Font Info:    Font shape `U/msa/m/n' will be
(Font)              scaled to size 5.21004pt on input line 160.
LaTeX Font Info:    Font shape `U/msb/m/n' will be
(Font)              scaled to size 8.33606pt on input line 160.
LaTeX Font Info:    Font shape `U/msb/m/n' will be
(Font)              scaled to size 5.21004pt on input line 160.


[1


{C:/Users/artur.ARTUR-LAPTOP/AppData/Local/MiKTeX/fonts/map/pdftex/pdftex.map}{C:/Users/artur.ARTUR-LAPTOP/AppData/Local/Programs/MiKTeX/fonts/enc/dvips/base/8r.enc}]
Overfull \hbox (17.20581pt too wide) in paragraph at lines 173--174
\T1/ppl/m/n/10 crec-imiento celu-lar de-scon-tro-lado, im-pul-sado por una acu-mu-lacin de al-teraciones
 []

LaTeX Info: Symbol \textasciidieresis not provided by
            font family ppl in TS1 encoding.
            Default family used instead on input line 179.
LaTeX Info: Symbol \textasciidieresis not provided by
            font family ppl in TS1 encoding.
            Default family used instead on input line 179.


[2]

[3]
<Imagenes/Muestras_TCGA.png, id=165, 529.98pt x 270.465pt>
File: Imagenes/Muestras_TCGA.png Graphic file (type png)
<use Imagenes/Muestras_TCGA.png>
Package pdftex.def Info: Imagenes/Muestras_TCGA.png  used on input line 204.
(pdftex.def)             Requested size: 345.0pt x 176.06429pt.
<Imagenes/muestrasxgenes.png, id=168, 805.92pt x 381.717pt>
File: Imagenes/muestrasxgenes.png Graphic file (type png)
<use Imagenes/muestrasxgenes.png>
Package pdftex.def Info: Imagenes/muestrasxgenes.png  used on input line 214.
(pdftex.def)             Requested size: 345.0pt x 163.40704pt.


[4 <./Imagenes/Muestras_TCGA.png>]
<Imagenes/Proc_datos.png, id=178, 8674.4075pt x 3449.88875pt>
File: Imagenes/Proc_datos.png Graphic file (type png)
<use Imagenes/Proc_datos.png>
Package pdftex.def Info: Imagenes/Proc_datos.png  used on input line 225.
(pdftex.def)             Requested size: 345.0pt x 137.18243pt.


[5 <./Imagenes/muestrasxgenes.png> <./Imagenes/Proc_datos.png>]

[6]

[7]
Overfull \hbox (12.14078pt too wide) in paragraph at lines 279--280
\T1/ppl/m/n/10 de $\OML/zplm/m/it/10 N \OT1/zplm/m/n/10 =$ \T1/ppl/m/n/10 2,794 car-ac-ters-ti-cas como una se-cuen-cia tem-po-ral $\OML/zplm/m/it/10 S[] \OT1/zplm/m/n/10 = \OMS/zplm/m/n/10 f\OML/zplm/m/it/10 f[]\OT1/ppl/m/n/10 , \OML/zplm/m/it/10 f[]\OT1/ppl/m/n/10 , ..., \OML/zplm/m/it/10 f[]\OMS/zplm/m/n/10 g$\T1/ppl/m/n/10 .
 []



[8]

[9]
<Imagenes/Modelo_LeNetMod.png, id=225, 8381.3125pt x 4601.19pt>
File: Imagenes/Modelo_LeNetMod.png Graphic file (type png)
<use Imagenes/Modelo_LeNetMod.png>
Package pdftex.def Info: Imagenes/Modelo_LeNetMod.png  used on input line 318.
(pdftex.def)             Requested size: 310.4979pt x 170.39583pt.


[10 <./Imagenes/Modelo_LeNetMod.png>]
<Imagenes/Modelo_CNN_Prof.png, id=235, 8807.90625pt x 4555.0175pt>
File: Imagenes/Modelo_CNN_Prof.png Graphic file (type png)
<use Imagenes/Modelo_CNN_Prof.png>
Package pdftex.def Info: Imagenes/Modelo_CNN_Prof.png  used on input line 329.
(pdftex.def)             Requested size: 310.4979pt x 160.55396pt.


[11 <./Imagenes/Modelo_CNN_Prof.png>]
<Imagenes/Modelo_RNN_Sec.png, id=243, 6709.065pt x 3729.935pt>
File: Imagenes/Modelo_RNN_Sec.png Graphic file (type png)
<use Imagenes/Modelo_RNN_Sec.png>
Package pdftex.def Info: Imagenes/Modelo_RNN_Sec.png  used on input line 345.
(pdftex.def)             Requested size: 310.4979pt x 172.62062pt.
<Imagenes/Modelo_GRU_BI.png, id=244, 8494.73625pt x 4215.75pt>
File: Imagenes/Modelo_GRU_BI.png Graphic file (type png)
<use Imagenes/Modelo_GRU_BI.png>
Package pdftex.def Info: Imagenes/Modelo_GRU_BI.png  used on input line 354.
(pdftex.def)             Requested size: 310.4979pt x 154.06335pt.


LaTeX Warning: `h' float specifier changed to `ht'.



[12 <./Imagenes/Modelo_RNN_Sec.png>]

[13 <./Imagenes/Modelo_GRU_BI.png>]
<Imagenes/Modelo_GCN.png, id=261, 7001.15625pt x 3148.76375pt>
File: Imagenes/Modelo_GCN.png Graphic file (type png)
<use Imagenes/Modelo_GCN.png>
Package pdftex.def Info: Imagenes/Modelo_GCN.png  used on input line 375.
(pdftex.def)             Requested size: 310.4979pt x 139.62227pt.
<Imagenes/Modelo_GAT.png, id=263, 7043.31375pt x 3148.76375pt>
File: Imagenes/Modelo_GAT.png Graphic file (type png)
<use Imagenes/Modelo_GAT.png>
Package pdftex.def Info: Imagenes/Modelo_GAT.png  used on input line 386.
(pdftex.def)             Requested size: 310.4979pt x 138.80548pt.


LaTeX Warning: `h' float specifier changed to `ht'.



[14 <./Imagenes/Modelo_GCN.png>]
<Imagenes/Modelo_GTN.png, id=271, 7792.11125pt x 3148.76375pt>
File: Imagenes/Modelo_GTN.png Graphic file (type png)
<use Imagenes/Modelo_GTN.png>
Package pdftex.def Info: Imagenes/Modelo_GTN.png  used on input line 399.
(pdftex.def)             Requested size: 310.4979pt x 125.44864pt.


LaTeX Warning: `h' float specifier changed to `ht'.


Overfull \hbox (3.06595pt too wide) in paragraph at lines 417--418
[]\T1/ppl/m/n/10 Todos los mod-e-los y ex-per-i-men-tos fueron im-ple-men-ta-dos uti-lizando el lenguaje
 []

LaTeX Font Info:    Trying to load font information for TS1+ppl on input line 419.
(C:\Users\artur.ARTUR-LAPTOP\AppData\Local\Programs\MiKTeX\tex/latex/psnfss\ts1ppl.fd
File: ts1ppl.fd 2001/06/04 font definitions for TS1/ppl.
)

[15 <./Imagenes/Modelo_GAT.png>]

Package natbib Warning: Citation `chicco2020advantages' on page 16 undefined on input line 427.



[16 <./Imagenes/Modelo_GTN.png>] (c:\Users\artur.ARTUR-LAPTOP\OneDrive - Tecnol贸gico Nacional de M茅xico - Centro Nacional de Investigaci贸n y Desarrollo Tecnol贸gico\Documentos\Doctorado\5掳 Semestre\Paper_Comp_DL_Cancer\build\main.bbl
Underfull \hbox (badness 10000) in paragraph at lines 15--19
\T1/ppl/m/n/10 URL []$\T1/cmtt/m/n/10 https : / / www . cancer . gov / about-[]cancer / understanding /
 []



[17]
Underfull \hbox (badness 1436) in paragraph at lines 44--47
[]\T1/ppl/m/n/10 M. Mas-simino, F. Mar-torana, S. Stella, S. R. Vi-tale, C. Tomar-chio,
 []



[18])

Package natbib Warning: There were undefined citations.



[19] (c:\Users\artur.ARTUR-LAPTOP\OneDrive - Tecnol贸gico Nacional de M茅xico - Centro Nacional de Investigaci贸n y Desarrollo Tecnol贸gico\Documentos\Doctorado\5掳 Semestre\Paper_Comp_DL_Cancer\build\main.aux)
 ***********
LaTeX2e <2025-06-01> patch level 1
L3 programming layer <2025-07-11>
 ***********
Package rerunfilecheck Info: File `main.out' has not changed.
(rerunfilecheck)             Checksum: A34792996AE5A76A851D0693251B2B92;5008.
 ) 
Here is how much of TeX's memory you used:
 11243 strings out of 468149
 178226 string characters out of 5424790
 576489 words of memory out of 5000000
 39580 multiletter control sequences out of 15000+600000
 660432 words of font info for 118 fonts, out of 8000000 for 9000
 1141 hyphenation exceptions out of 8191
 72i,6n,79p,1891b,628s stack positions out of 10000i,1000n,20000p,200000b,200000s
 <C:\Users\artur.ARTUR-LAPTOP\AppData\Local\MiKTeX\fonts/pk/ljfour/jknappen/ec/dpi600\ectt1000.pk> <C:\Users\artur.ARTUR-LAPTOP\AppData\Local\MiKTeX\fonts/pk/ljfour/jknappen/ec/dpi600\tcrm1000.pk><C:/Users/artur.ARTUR-LAPTOP/AppData/Local/Programs/MiKTeX/fonts/type1/public/amsfonts/cm/cmex10.pfb><C:/Users/artur.ARTUR-LAPTOP/AppData/Local/Programs/MiKTeX/fonts/type1/public/amsfonts/cm/cmmi10.pfb><C:/Users/artur.ARTUR-LAPTOP/AppData/Local/Programs/MiKTeX/fonts/type1/public/amsfonts/cm/cmr10.pfb><C:/Users/artur.ARTUR-LAPTOP/AppData/Local/Programs/MiKTeX/fonts/type1/public/amsfonts/cm/cmsy10.pfb><C:/Users/artur.ARTUR-LAPTOP/AppData/Local/Programs/MiKTeX/fonts/type1/public/mathpazo/fplmr.pfb><C:/Users/artur.ARTUR-LAPTOP/AppData/Local/Programs/MiKTeX/fonts/type1/public/mathpazo/fplmri.pfb><C:/Users/artur.ARTUR-LAPTOP/AppData/Local/Programs/MiKTeX/fonts/type1/urw/palatino/uplb8a.pfb><C:/Users/artur.ARTUR-LAPTOP/AppData/Local/Programs/MiKTeX/fonts/type1/urw/palatino/uplr8a.pfb><C:/Users/artur.ARTUR-LAPTOP/AppData/Local/Programs/MiKTeX/fonts/type1/urw/palatino/uplri8a.pfb>
Output written on "c:\Users\artur.ARTUR-LAPTOP\OneDrive - Tecnol贸gico Nacional de M茅xico - Centro Nacional de Investigaci贸n y Desarrollo Tecnol贸gico\Documentos\Doctorado\5掳 Semestre\Paper_Comp_DL_Cancer\build\main.pdf" (19 pages, 4801292 bytes).
PDF statistics:
 397 PDF objects out of 1000 (max. 8388607)
 90 named destinations out of 1000 (max. 500000)
 251 words of extra memory for PDF output out of 10000 (max. 10000000)

